Arguments: 
  /Users/longlou/.nvm/versions/node/v20.18.1/bin/node /usr/local/Cellar/yarn/1.22.11/libexec/bin/yarn.js add @nestjs/typeorm typeorm mysql2 @nestjs/config cross-env -S

PATH: 
  /Users/longlou/.pyenv/shims:/usr/local/opt/php@7.4/sbin:/usr/local/opt/php@7.4/bin:/usr/local/mongodb/bin:/Users/longlou/.nvm/versions/node/v20.18.1/bin:/Library/Frameworks/Python.framework/Versions/2.7/bin:/usr/local/bin:/usr/local/sbin:/usr/local/bin:/usr/bin:/bin:/usr/sbin:/sbin:/Library/Apple/usr/bin:/usr/local/mysql/bin

Yarn version: 
  1.22.11

Node version: 
  20.18.1

Platform: 
  darwin x64

Trace: 
  Error: certificate has expired
      at TLSSocket.onConnectSecure (node:_tls_wrap:1677:34)
      at TLSSocket.emit (node:events:518:28)
      at TLSSocket._finishInit (node:_tls_wrap:1076:8)
      at ssl.onhandshakedone (node:_tls_wrap:862:12)

npm manifest: 
  {
    "name": "nest-demo1",
    "version": "0.0.1",
    "description": "",
    "author": "",
    "private": true,
    "license": "UNLICENSED",
    "scripts": {
      "build": "nest build",
      "format": "prettier --write \"src/**/*.ts\" \"test/**/*.ts\"",
      "start": "nest start",
      "start:dev": "nest start --watch",
      "start:debug": "nest start --debug --watch",
      "start:prod": "node dist/main",
      "lint": "eslint \"{src,apps,libs,test}/**/*.ts\" --fix",
      "test": "jest",
      "test:watch": "jest --watch",
      "test:cov": "jest --coverage",
      "test:debug": "node --inspect-brk -r tsconfig-paths/register -r ts-node/register node_modules/.bin/jest --runInBand",
      "test:e2e": "jest --config ./test/jest-e2e.json"
    },
    "dependencies": {
      "@nestjs/common": "^10.0.0",
      "@nestjs/core": "^10.0.0",
      "@nestjs/platform-express": "^10.0.0",
      "reflect-metadata": "^0.2.0",
      "rxjs": "^7.8.1"
    },
    "devDependencies": {
      "@nestjs/cli": "^10.0.0",
      "@nestjs/schematics": "^10.0.0",
      "@nestjs/testing": "^10.0.0",
      "@types/express": "^5.0.0",
      "@types/jest": "^29.5.2",
      "@types/node": "^20.3.1",
      "@types/supertest": "^6.0.0",
      "@typescript-eslint/eslint-plugin": "^8.0.0",
      "@typescript-eslint/parser": "^8.0.0",
      "eslint": "^8.0.0",
      "eslint-config-prettier": "^9.0.0",
      "eslint-plugin-prettier": "^5.0.0",
      "jest": "^29.5.0",
      "prettier": "^3.0.0",
      "source-map-support": "^0.5.21",
      "supertest": "^7.0.0",
      "ts-jest": "^29.1.0",
      "ts-loader": "^9.4.3",
      "ts-node": "^10.9.1",
      "tsconfig-paths": "^4.2.0",
      "typescript": "^5.1.3"
    },
    "jest": {
      "moduleFileExtensions": [
        "js",
        "json",
        "ts"
      ],
      "rootDir": "src",
      "testRegex": ".*\\.spec\\.ts$",
      "transform": {
        "^.+\\.(t|j)s$": "ts-jest"
      },
      "collectCoverageFrom": [
        "**/*.(t|j)s"
      ],
      "coverageDirectory": "../coverage",
      "testEnvironment": "node"
    }
  }

yarn manifest: 
  No manifest

Lockfile: 
  No lockfile
