2024-12-24 17:30:22 [info] : 请求信息: {
  "url": "/auth/login",
  "method": "POST",
  "headers": {
    "user-agent": "PostmanRuntime/7.28.4",
    "accept": "*/*",
    "postman-token": "919cadb8-d34e-4ab5-96e8-8559edc1622d",
    "host": "localhost:3000",
    "accept-encoding": "gzip, deflate, br",
    "connection": "keep-alive",
    "content-type": "application/x-www-form-urlencoded",
    "content-length": "29"
  },
  "body": {
    "username": "admin",
    "password": "12345"
  },
  "query": {},
  "params": {},
  "level": "info",
  "timestamp": "2024-12-24 17:30:22"
}
2024-12-24 17:30:22 [info] : 响应信息: {
  "url": "/auth/login",
  "method": "POST",
  "statusCode": 401,
  "msg": "密码不正确",
  "code": -1,
  "level": "info",
  "timestamp": "2024-12-24 17:30:22"
}
2024-12-24 17:33:09 [info] : 请求信息: {
  "url": "/auth/login",
  "method": "POST",
  "headers": {
    "user-agent": "PostmanRuntime/7.28.4",
    "accept": "*/*",
    "postman-token": "abf92148-70e5-4256-b950-6cd6222ef308",
    "host": "localhost:3000",
    "accept-encoding": "gzip, deflate, br",
    "connection": "keep-alive",
    "content-type": "application/x-www-form-urlencoded",
    "content-length": "29"
  },
  "body": {
    "username": "admin",
    "password": "12345"
  },
  "query": {},
  "params": {},
  "level": "info",
  "timestamp": "2024-12-24 17:33:09"
}
2024-12-24 17:33:09 [info] : 密码不正确 {
  "url": "/auth/login",
  "method": "POST",
  "statusCode": 401,
  "code": -1,
  "level": "info",
  "timestamp": "2024-12-24 17:33:09"
}
2024-12-24 17:33:11 [info] : 请求信息: {
  "url": "/auth/login",
  "method": "POST",
  "headers": {
    "user-agent": "PostmanRuntime/7.28.4",
    "accept": "*/*",
    "postman-token": "08740c7f-e45a-4c88-9c09-5e7044ab4214",
    "host": "localhost:3000",
    "accept-encoding": "gzip, deflate, br",
    "connection": "keep-alive",
    "content-type": "application/x-www-form-urlencoded",
    "content-length": "29"
  },
  "body": {
    "username": "admin",
    "password": "12345"
  },
  "query": {},
  "params": {},
  "level": "info",
  "timestamp": "2024-12-24 17:33:11"
}
2024-12-24 17:33:11 [info] : 密码不正确 {
  "url": "/auth/login",
  "method": "POST",
  "statusCode": 401,
  "code": -1,
  "level": "info",
  "timestamp": "2024-12-24 17:33:11"
}
2024-12-24 17:33:11 [info] : 请求信息: {
  "url": "/auth/login",
  "method": "POST",
  "headers": {
    "user-agent": "PostmanRuntime/7.28.4",
    "accept": "*/*",
    "postman-token": "a561588d-695e-4781-9fb8-54a6735164b1",
    "host": "localhost:3000",
    "accept-encoding": "gzip, deflate, br",
    "connection": "keep-alive",
    "content-type": "application/x-www-form-urlencoded",
    "content-length": "29"
  },
  "body": {
    "username": "admin",
    "password": "12345"
  },
  "query": {},
  "params": {},
  "level": "info",
  "timestamp": "2024-12-24 17:33:11"
}
2024-12-24 17:33:11 [info] : 密码不正确 {
  "url": "/auth/login",
  "method": "POST",
  "statusCode": 401,
  "code": -1,
  "level": "info",
  "timestamp": "2024-12-24 17:33:11"
}
2024-12-24 17:33:12 [info] : 请求信息: {
  "url": "/auth/login",
  "method": "POST",
  "headers": {
    "user-agent": "PostmanRuntime/7.28.4",
    "accept": "*/*",
    "postman-token": "84e1ea15-7963-4bd7-88c2-54eab8f2c574",
    "host": "localhost:3000",
    "accept-encoding": "gzip, deflate, br",
    "connection": "keep-alive",
    "content-type": "application/x-www-form-urlencoded",
    "content-length": "29"
  },
  "body": {
    "username": "admin",
    "password": "12345"
  },
  "query": {},
  "params": {},
  "level": "info",
  "timestamp": "2024-12-24 17:33:12"
}
2024-12-24 17:33:12 [info] : 密码不正确 {
  "url": "/auth/login",
  "method": "POST",
  "statusCode": 401,
  "code": -1,
  "level": "info",
  "timestamp": "2024-12-24 17:33:12"
}
2024-12-24 17:33:18 [info] : 请求信息: {
  "url": "/auth/login",
  "method": "POST",
  "headers": {
    "user-agent": "PostmanRuntime/7.28.4",
    "accept": "*/*",
    "postman-token": "86833dfd-70c1-4fd7-8d00-99eb0d87fa45",
    "host": "localhost:3000",
    "accept-encoding": "gzip, deflate, br",
    "connection": "keep-alive",
    "content-type": "application/x-www-form-urlencoded",
    "content-length": "29"
  },
  "body": {
    "username": "admin",
    "password": "12345"
  },
  "query": {},
  "params": {},
  "level": "info",
  "timestamp": "2024-12-24 17:33:18"
}
2024-12-24 17:33:18 [info] : 密码不正确 {
  "url": "/auth/login",
  "method": "POST",
  "statusCode": 401,
  "code": -1,
  "level": "info",
  "timestamp": "2024-12-24 17:33:18"
}
2024-12-24 17:34:03 [info] : 请求信息: {
  "url": "/auth/login",
  "method": "POST",
  "headers": {
    "user-agent": "PostmanRuntime/7.28.4",
    "accept": "*/*",
    "postman-token": "5f35d94e-2e76-4bcb-9775-9d77e219ac43",
    "host": "localhost:3000",
    "accept-encoding": "gzip, deflate, br",
    "connection": "keep-alive",
    "content-type": "application/x-www-form-urlencoded",
    "content-length": "29"
  },
  "body": {
    "username": "admin",
    "password": "12345"
  },
  "query": {},
  "params": {},
  "level": "info",
  "timestamp": "2024-12-24 17:34:03"
}
2024-12-24 17:34:03 [info] : 密码不正确 {
  "url": "/auth/login",
  "method": "POST",
  "statusCode": 401,
  "data": {},
  "code": -1,
  "level": "info",
  "timestamp": "2024-12-24 17:34:03"
}
2024-12-24 17:34:14 [info] : 请求信息: {
  "url": "/auth/login",
  "method": "POST",
  "headers": {
    "user-agent": "PostmanRuntime/7.28.4",
    "accept": "*/*",
    "postman-token": "3631f1e0-cb77-4186-b525-8fcece0029a5",
    "host": "localhost:3000",
    "accept-encoding": "gzip, deflate, br",
    "connection": "keep-alive",
    "content-type": "application/x-www-form-urlencoded",
    "content-length": "29"
  },
  "body": {
    "username": "admin",
    "password": "12345"
  },
  "query": {},
  "params": {},
  "level": "info",
  "timestamp": "2024-12-24 17:34:14"
}
2024-12-24 17:34:14 [info] : 密码不正确 {
  "url": "/auth/login",
  "method": "POST",
  "statusCode": 401,
  "data": {},
  "code": -1,
  "level": "info",
  "timestamp": "2024-12-24 17:34:14"
}
2024-12-24 17:34:34 [info] : 请求信息: {
  "url": "/user/register",
  "method": "POST",
  "headers": {
    "user-agent": "PostmanRuntime/7.28.4",
    "accept": "*/*",
    "postman-token": "56fd19b0-5b67-475e-bf26-911f1f59532b",
    "host": "localhost:3000",
    "accept-encoding": "gzip, deflate, br",
    "connection": "keep-alive",
    "content-type": "application/x-www-form-urlencoded",
    "content-length": "31"
  },
  "body": {
    "username": "user03",
    "password": "123456"
  },
  "query": {},
  "params": {},
  "level": "info",
  "timestamp": "2024-12-24 17:34:34"
}
2024-12-24 17:34:34 [info] : 用户名已存在 {
  "url": "/user/register",
  "method": "POST",
  "statusCode": 400,
  "data": {},
  "code": -1,
  "level": "info",
  "timestamp": "2024-12-24 17:34:34"
}
2024-12-24 17:36:08 [info] : 请求信息: {
  "url": "/posts/create",
  "method": "POST",
  "headers": {
    "user-agent": "PostmanRuntime/7.28.4",
    "accept": "*/*",
    "postman-token": "dba48ab0-0f60-4b18-b228-c5b0b4ba4a2b",
    "host": "localhost:3000",
    "accept-encoding": "gzip, deflate, br",
    "connection": "keep-alive",
    "content-type": "application/x-www-form-urlencoded",
    "content-length": "84"
  },
  "body": {
    "title": "73的撒旦的11",
    "author": "",
    "content": "ssssss",
    "thumb_url": "1232"
  },
  "query": {},
  "params": {},
  "level": "info",
  "timestamp": "2024-12-24 17:36:08"
}
2024-12-24 17:36:08 [info] : Unauthorized {
  "url": "/posts/create",
  "method": "POST",
  "statusCode": 401,
  "data": {},
  "code": -1,
  "level": "info",
  "timestamp": "2024-12-24 17:36:08"
}
2024-12-24 17:36:10 [info] : 请求信息: {
  "url": "/posts/create",
  "method": "POST",
  "headers": {
    "user-agent": "PostmanRuntime/7.28.4",
    "accept": "*/*",
    "postman-token": "bddbfd4c-bbbd-4622-83be-3ed229fa9bba",
    "host": "localhost:3000",
    "accept-encoding": "gzip, deflate, br",
    "connection": "keep-alive",
    "content-type": "application/x-www-form-urlencoded",
    "content-length": "84"
  },
  "body": {
    "title": "73的撒旦的11",
    "author": "",
    "content": "ssssss",
    "thumb_url": "1232"
  },
  "query": {},
  "params": {},
  "level": "info",
  "timestamp": "2024-12-24 17:36:10"
}
2024-12-24 17:36:10 [info] : Unauthorized {
  "url": "/posts/create",
  "method": "POST",
  "statusCode": 401,
  "data": {},
  "code": -1,
  "level": "info",
  "timestamp": "2024-12-24 17:36:10"
}
2024-12-24 17:36:34 [info] : 请求信息: {
  "url": "/posts/create",
  "method": "POST",
  "headers": {
    "user-agent": "PostmanRuntime/7.28.4",
    "accept": "*/*",
    "postman-token": "90d81ffc-9a40-40b4-878a-86e6ef7a6b49",
    "host": "localhost:3000",
    "accept-encoding": "gzip, deflate, br",
    "connection": "keep-alive",
    "content-type": "application/x-www-form-urlencoded",
    "content-length": "87"
  },
  "body": {
    "title": "73的撒旦的11",
    "author": "123",
    "content": "ssssss",
    "thumb_url": "1232"
  },
  "query": {},
  "params": {},
  "level": "info",
  "timestamp": "2024-12-24 17:36:34"
}
2024-12-24 17:36:34 [info] : Unauthorized {
  "url": "/posts/create",
  "method": "POST",
  "statusCode": 401,
  "data": {},
  "code": -1,
  "level": "info",
  "timestamp": "2024-12-24 17:36:34"
}
2024-12-24 17:36:35 [info] : 请求信息: {
  "url": "/posts/create",
  "method": "POST",
  "headers": {
    "user-agent": "PostmanRuntime/7.28.4",
    "accept": "*/*",
    "postman-token": "489cb533-51b3-4da7-b6e3-c8b898fbada9",
    "host": "localhost:3000",
    "accept-encoding": "gzip, deflate, br",
    "connection": "keep-alive",
    "content-type": "application/x-www-form-urlencoded",
    "content-length": "87"
  },
  "body": {
    "title": "73的撒旦的11",
    "author": "123",
    "content": "ssssss",
    "thumb_url": "1232"
  },
  "query": {},
  "params": {},
  "level": "info",
  "timestamp": "2024-12-24 17:36:35"
}
2024-12-24 17:36:35 [info] : Unauthorized {
  "url": "/posts/create",
  "method": "POST",
  "statusCode": 401,
  "data": {},
  "code": -1,
  "level": "info",
  "timestamp": "2024-12-24 17:36:35"
}
2024-12-24 17:36:36 [info] : 请求信息: {
  "url": "/posts/create",
  "method": "POST",
  "headers": {
    "user-agent": "PostmanRuntime/7.28.4",
    "accept": "*/*",
    "postman-token": "ccc5715f-6078-4f99-b9a3-0f746d3f05f4",
    "host": "localhost:3000",
    "accept-encoding": "gzip, deflate, br",
    "connection": "keep-alive",
    "content-type": "application/x-www-form-urlencoded",
    "content-length": "87"
  },
  "body": {
    "title": "73的撒旦的11",
    "author": "123",
    "content": "ssssss",
    "thumb_url": "1232"
  },
  "query": {},
  "params": {},
  "level": "info",
  "timestamp": "2024-12-24 17:36:36"
}
2024-12-24 17:36:36 [info] : Unauthorized {
  "url": "/posts/create",
  "method": "POST",
  "statusCode": 401,
  "data": {},
  "code": -1,
  "level": "info",
  "timestamp": "2024-12-24 17:36:36"
}
2024-12-24 17:36:37 [info] : 请求信息: {
  "url": "/posts/create",
  "method": "POST",
  "headers": {
    "user-agent": "PostmanRuntime/7.28.4",
    "accept": "*/*",
    "postman-token": "66e7590f-78cd-43b2-b839-d4d260f20d0e",
    "host": "localhost:3000",
    "accept-encoding": "gzip, deflate, br",
    "connection": "keep-alive",
    "content-type": "application/x-www-form-urlencoded",
    "content-length": "87"
  },
  "body": {
    "title": "73的撒旦的11",
    "author": "123",
    "content": "ssssss",
    "thumb_url": "1232"
  },
  "query": {},
  "params": {},
  "level": "info",
  "timestamp": "2024-12-24 17:36:37"
}
2024-12-24 17:36:37 [info] : Unauthorized {
  "url": "/posts/create",
  "method": "POST",
  "statusCode": 401,
  "data": {},
  "code": -1,
  "level": "info",
  "timestamp": "2024-12-24 17:36:37"
}
2024-12-24 17:36:38 [info] : 请求信息: {
  "url": "/posts/create",
  "method": "POST",
  "headers": {
    "user-agent": "PostmanRuntime/7.28.4",
    "accept": "*/*",
    "postman-token": "28f5c766-8d44-4bc1-a0f4-b4942211b9b0",
    "host": "localhost:3000",
    "accept-encoding": "gzip, deflate, br",
    "connection": "keep-alive",
    "content-type": "application/x-www-form-urlencoded",
    "content-length": "87"
  },
  "body": {
    "title": "73的撒旦的11",
    "author": "123",
    "content": "ssssss",
    "thumb_url": "1232"
  },
  "query": {},
  "params": {},
  "level": "info",
  "timestamp": "2024-12-24 17:36:38"
}
2024-12-24 17:36:38 [info] : Unauthorized {
  "url": "/posts/create",
  "method": "POST",
  "statusCode": 401,
  "data": {},
  "code": -1,
  "level": "info",
  "timestamp": "2024-12-24 17:36:38"
}
2024-12-24 17:36:39 [info] : 请求信息: {
  "url": "/posts/create",
  "method": "POST",
  "headers": {
    "user-agent": "PostmanRuntime/7.28.4",
    "accept": "*/*",
    "postman-token": "21294a3a-b21f-4811-830e-a4cea98465d7",
    "host": "localhost:3000",
    "accept-encoding": "gzip, deflate, br",
    "connection": "keep-alive",
    "content-type": "application/x-www-form-urlencoded",
    "content-length": "87"
  },
  "body": {
    "title": "73的撒旦的11",
    "author": "123",
    "content": "ssssss",
    "thumb_url": "1232"
  },
  "query": {},
  "params": {},
  "level": "info",
  "timestamp": "2024-12-24 17:36:39"
}
2024-12-24 17:36:39 [info] : Unauthorized {
  "url": "/posts/create",
  "method": "POST",
  "statusCode": 401,
  "data": {},
  "code": -1,
  "level": "info",
  "timestamp": "2024-12-24 17:36:39"
}
2024-12-24 17:36:41 [info] : 请求信息: {
  "url": "/posts/create",
  "method": "POST",
  "headers": {
    "user-agent": "PostmanRuntime/7.28.4",
    "accept": "*/*",
    "postman-token": "b17db1eb-244a-4bd9-9563-a5a0ce5a1a80",
    "host": "localhost:3000",
    "accept-encoding": "gzip, deflate, br",
    "connection": "keep-alive",
    "content-type": "application/x-www-form-urlencoded",
    "content-length": "87"
  },
  "body": {
    "title": "73的撒旦的11",
    "author": "123",
    "content": "ssssss",
    "thumb_url": "1232"
  },
  "query": {},
  "params": {},
  "level": "info",
  "timestamp": "2024-12-24 17:36:41"
}
2024-12-24 17:36:41 [info] : Unauthorized {
  "url": "/posts/create",
  "method": "POST",
  "statusCode": 401,
  "data": {},
  "code": -1,
  "level": "info",
  "timestamp": "2024-12-24 17:36:41"
}
2024-12-24 17:36:46 [info] : 请求信息: {
  "url": "/posts/create",
  "method": "POST",
  "headers": {
    "user-agent": "PostmanRuntime/7.28.4",
    "accept": "*/*",
    "postman-token": "4c0123c7-58c5-4427-b953-c179bd7e5803",
    "host": "localhost:3000",
    "accept-encoding": "gzip, deflate, br",
    "connection": "keep-alive",
    "content-type": "application/x-www-form-urlencoded",
    "content-length": "70"
  },
  "body": {
    "title": "73的撒123",
    "author": "123",
    "content": "ssssss",
    "thumb_url": "1232"
  },
  "query": {},
  "params": {},
  "level": "info",
  "timestamp": "2024-12-24 17:36:46"
}
2024-12-24 17:36:46 [info] : Unauthorized {
  "url": "/posts/create",
  "method": "POST",
  "statusCode": 401,
  "data": {},
  "code": -1,
  "level": "info",
  "timestamp": "2024-12-24 17:36:46"
}
2024-12-24 17:38:16 [info] : 请求信息: {
  "url": "/posts/create",
  "method": "POST",
  "headers": {
    "authorization": "Bearer eyJhbGciOiJIUzI1NiIsInR5cCI6IkpXVCJ9.eyJ1c2VybmFtZSI6ImFkbWluIiwiaWF0IjoxNzM1MDMzMDQ2LCJleHAiOjE3MzUwMzMxMDZ9.eXPfwlWsJX0G2VISpsVjMDU-p3DcYCD_lghcUMiI_zo",
    "user-agent": "PostmanRuntime/7.28.4",
    "accept": "*/*",
    "postman-token": "81d4a809-357c-4bf1-b8f2-c01f58599d49",
    "host": "localhost:3000",
    "accept-encoding": "gzip, deflate, br",
    "connection": "keep-alive",
    "content-type": "application/x-www-form-urlencoded",
    "content-length": "70"
  },
  "body": {
    "title": "73的撒123",
    "author": "123",
    "content": "ssssss",
    "thumb_url": "1232"
  },
  "query": {},
  "params": {},
  "level": "info",
  "timestamp": "2024-12-24 17:38:16"
}
2024-12-24 17:38:16 [info] : 文章已存在 {
  "url": "/posts/create",
  "method": "POST",
  "statusCode": 401,
  "data": {},
  "code": -1,
  "level": "info",
  "timestamp": "2024-12-24 17:38:16"
}
2024-12-24 17:38:31 [info] : 请求信息: {
  "url": "/posts/create",
  "method": "POST",
  "headers": {
    "user-agent": "PostmanRuntime/7.28.4",
    "accept": "*/*",
    "postman-token": "e201485c-516d-4e3d-b0e8-e6a102b7d3b4",
    "host": "localhost:3000",
    "accept-encoding": "gzip, deflate, br",
    "connection": "keep-alive",
    "content-type": "application/x-www-form-urlencoded",
    "content-length": "70"
  },
  "body": {
    "title": "73的撒123",
    "author": "123",
    "content": "ssssss",
    "thumb_url": "1232"
  },
  "query": {},
  "params": {},
  "level": "info",
  "timestamp": "2024-12-24 17:38:31"
}
2024-12-24 17:38:31 [info] : Unauthorized {
  "url": "/posts/create",
  "method": "POST",
  "statusCode": 401,
  "data": {},
  "code": -1,
  "level": "info",
  "timestamp": "2024-12-24 17:38:31"
}
2024-12-24 17:38:52 [info] : 请求信息: {
  "url": "/posts/create",
  "method": "POST",
  "headers": {
    "authorization": "Bearer eyJhbGciOiJIUzI1NiIsInR5cCI6IkpXVCJ9.eyJ1c2VybmFtZSI6ImFkbWluIiwiaWF0IjoxNzM1MDMzMDQ2LCJleHAiOjE3MzUwMzMxMDZ9.eXPfwlWsJX0G2VISpsVjMDU-p3DcYCD_lghcUMiI_zo",
    "user-agent": "PostmanRuntime/7.28.4",
    "accept": "*/*",
    "postman-token": "23a4b89c-e0f6-436e-a8db-9f11045971c0",
    "host": "localhost:3000",
    "accept-encoding": "gzip, deflate, br",
    "connection": "keep-alive",
    "content-type": "application/x-www-form-urlencoded",
    "content-length": "70"
  },
  "body": {
    "title": "73的撒123",
    "author": "123",
    "content": "ssssss",
    "thumb_url": "1232"
  },
  "query": {},
  "params": {},
  "level": "info",
  "timestamp": "2024-12-24 17:38:52"
}
2024-12-24 17:38:52 [info] : Unauthorized {
  "url": "/posts/create",
  "method": "POST",
  "statusCode": 401,
  "data": {},
  "code": -1,
  "level": "info",
  "timestamp": "2024-12-24 17:38:52"
}
2024-12-24 17:38:55 [info] : 请求信息: {
  "url": "/posts/create",
  "method": "POST",
  "headers": {
    "authorization": "Bearer eyJhbGciOiJIUzI1NiIsInR5cCI6IkpXVCJ9.eyJ1c2VybmFtZSI6ImFkbWluIiwiaWF0IjoxNzM1MDMzMDQ2LCJleHAiOjE3MzUwMzMxMDZ9.eXPfwlWsJX0G2VISpsVjMDU-p3DcYCD_lghcUMiI_zo",
    "user-agent": "PostmanRuntime/7.28.4",
    "accept": "*/*",
    "postman-token": "4810e43a-e76f-4367-b4c1-e463ce7a3119",
    "host": "localhost:3000",
    "accept-encoding": "gzip, deflate, br",
    "connection": "keep-alive",
    "content-type": "application/x-www-form-urlencoded",
    "content-length": "70"
  },
  "body": {
    "title": "73的撒123",
    "author": "123",
    "content": "ssssss",
    "thumb_url": "1232"
  },
  "query": {},
  "params": {},
  "level": "info",
  "timestamp": "2024-12-24 17:38:55"
}
2024-12-24 17:38:55 [info] : Unauthorized {
  "url": "/posts/create",
  "method": "POST",
  "statusCode": 401,
  "data": {},
  "code": -1,
  "level": "info",
  "timestamp": "2024-12-24 17:38:55"
}
2024-12-24 17:43:57 [info] : 请求信息: {
  "url": "/posts/create",
  "method": "POST",
  "headers": {
    "host": "localhost:3000",
    "connection": "keep-alive",
    "content-length": "93",
    "sec-ch-ua-platform": "\"macOS\"",
    "user-agent": "Mozilla/5.0 (Macintosh; Intel Mac OS X 10_15_7) AppleWebKit/537.36 (KHTML, like Gecko) Chrome/131.0.0.0 Safari/537.36",
    "accept": "*/*",
    "sec-ch-ua": "\"Google Chrome\";v=\"131\", \"Chromium\";v=\"131\", \"Not_A Brand\";v=\"24\"",
    "content-type": "application/json",
    "sec-ch-ua-mobile": "?0",
    "origin": "http://localhost:3000",
    "sec-fetch-site": "same-origin",
    "sec-fetch-mode": "cors",
    "sec-fetch-dest": "empty",
    "referer": "http://localhost:3000/docs",
    "accept-encoding": "gzip, deflate, br, zstd",
    "accept-language": "zh-CN,zh;q=0.9",
    "cookie": "br-client=822ca673-42fc-4048-811c-0cb77ce3e479; _pk_id.3.1fff=f37f04bde638a24f.1705290911.; _pk_id.7.1fff=6ebd37f9ae968284.1705297957.; access_token_lf=eyJhbGciOiJIUzI1NiIsInR5cCI6IkpXVCJ9.eyJzdWIiOiIyOWNjMzNhMS1kMGU2LTQxNTctODE1Ny1hMDA3ODBiYzU3OTciLCJleHAiOjE3MzQ5Mzk3NDR9.aVBi8txCJQjAz9Xb2twa_d6DaJWiZjKB51BKumr8Bfo"
  },
  "body": {
    "title": "string",
    "author": "string",
    "content": "string",
    "thumb_url": "string"
  },
  "query": {},
  "params": {},
  "level": "info",
  "timestamp": "2024-12-24 17:43:57"
}
2024-12-24 17:43:57 [info] : Unauthorized {
  "url": "/posts/create",
  "method": "POST",
  "statusCode": 401,
  "data": {},
  "code": -1,
  "level": "info",
  "timestamp": "2024-12-24 17:43:57"
}
2024-12-24 17:49:52 [info] : 请求信息: {
  "url": "/posts/findAll",
  "method": "GET",
  "headers": {
    "host": "localhost:3000",
    "connection": "keep-alive",
    "sec-ch-ua-platform": "\"macOS\"",
    "user-agent": "Mozilla/5.0 (Macintosh; Intel Mac OS X 10_15_7) AppleWebKit/537.36 (KHTML, like Gecko) Chrome/131.0.0.0 Safari/537.36",
    "accept": "*/*",
    "sec-ch-ua": "\"Google Chrome\";v=\"131\", \"Chromium\";v=\"131\", \"Not_A Brand\";v=\"24\"",
    "sec-ch-ua-mobile": "?0",
    "sec-fetch-site": "same-origin",
    "sec-fetch-mode": "cors",
    "sec-fetch-dest": "empty",
    "referer": "http://localhost:3000/docs",
    "accept-encoding": "gzip, deflate, br, zstd",
    "accept-language": "zh-CN,zh;q=0.9",
    "cookie": "br-client=822ca673-42fc-4048-811c-0cb77ce3e479; _pk_id.3.1fff=f37f04bde638a24f.1705290911.; _pk_id.7.1fff=6ebd37f9ae968284.1705297957.; access_token_lf=eyJhbGciOiJIUzI1NiIsInR5cCI6IkpXVCJ9.eyJzdWIiOiIyOWNjMzNhMS1kMGU2LTQxNTctODE1Ny1hMDA3ODBiYzU3OTciLCJleHAiOjE3MzQ5Mzk3NDR9.aVBi8txCJQjAz9Xb2twa_d6DaJWiZjKB51BKumr8Bfo"
  },
  "body": {},
  "query": {},
  "params": {},
  "level": "info",
  "timestamp": "2024-12-24 17:49:52"
}
2024-12-24 17:49:52 [info] : Unauthorized {
  "url": "/posts/findAll",
  "method": "GET",
  "statusCode": 401,
  "data": {},
  "code": -1,
  "level": "info",
  "timestamp": "2024-12-24 17:49:52"
}
2024-12-24 17:50:17 [info] : 请求信息: {
  "url": "/posts/findAll",
  "method": "GET",
  "headers": {
    "host": "localhost:3000",
    "connection": "keep-alive",
    "sec-ch-ua-platform": "\"macOS\"",
    "user-agent": "Mozilla/5.0 (Macintosh; Intel Mac OS X 10_15_7) AppleWebKit/537.36 (KHTML, like Gecko) Chrome/131.0.0.0 Safari/537.36",
    "accept": "*/*",
    "sec-ch-ua": "\"Google Chrome\";v=\"131\", \"Chromium\";v=\"131\", \"Not_A Brand\";v=\"24\"",
    "sec-ch-ua-mobile": "?0",
    "sec-fetch-site": "same-origin",
    "sec-fetch-mode": "cors",
    "sec-fetch-dest": "empty",
    "referer": "http://localhost:3000/docs",
    "accept-encoding": "gzip, deflate, br, zstd",
    "accept-language": "zh-CN,zh;q=0.9",
    "cookie": "br-client=822ca673-42fc-4048-811c-0cb77ce3e479; _pk_id.3.1fff=f37f04bde638a24f.1705290911.; _pk_id.7.1fff=6ebd37f9ae968284.1705297957.; access_token_lf=eyJhbGciOiJIUzI1NiIsInR5cCI6IkpXVCJ9.eyJzdWIiOiIyOWNjMzNhMS1kMGU2LTQxNTctODE1Ny1hMDA3ODBiYzU3OTciLCJleHAiOjE3MzQ5Mzk3NDR9.aVBi8txCJQjAz9Xb2twa_d6DaJWiZjKB51BKumr8Bfo"
  },
  "body": {},
  "query": {},
  "params": {},
  "level": "info",
  "timestamp": "2024-12-24 17:50:17"
}
2024-12-24 17:50:17 [info] : Unauthorized {
  "url": "/posts/findAll",
  "method": "GET",
  "statusCode": 401,
  "data": {},
  "code": -1,
  "level": "info",
  "timestamp": "2024-12-24 17:50:17"
}
2024-12-24 17:50:30 [info] : 请求信息: {
  "url": "/posts/findAll",
  "method": "GET",
  "headers": {
    "user-agent": "PostmanRuntime/7.28.4",
    "accept": "*/*",
    "postman-token": "0e3d8452-e3b1-4451-be4d-7e7e08ac9224",
    "host": "localhost:3000",
    "accept-encoding": "gzip, deflate, br",
    "connection": "keep-alive"
  },
  "body": {},
  "query": {},
  "params": {},
  "level": "info",
  "timestamp": "2024-12-24 17:50:30"
}
2024-12-24 17:50:30 [info] : Unauthorized {
  "url": "/posts/findAll",
  "method": "GET",
  "statusCode": 401,
  "data": {},
  "code": -1,
  "level": "info",
  "timestamp": "2024-12-24 17:50:30"
}
2024-12-24 17:51:08 [info] : 请求信息: {
  "url": "/posts/findAll",
  "method": "GET",
  "headers": {
    "authorization": "Bearer eyJhbGciOiJIUzI1NiIsInR5cCI6IkpXVCJ9.eyJ1c2VybmFtZSI6ImFkbWluIiwiaWF0IjoxNzM1MDMzNzc0LCJleHAiOjE3MzUwMzM4MzR9.26CuFozp5piBwIjR3p2pxxpCHjEXdHep1mcjQODDBoA",
    "user-agent": "PostmanRuntime/7.28.4",
    "accept": "*/*",
    "postman-token": "d8825ae2-b867-47ad-bf09-47f6a089f579",
    "host": "localhost:3000",
    "accept-encoding": "gzip, deflate, br",
    "connection": "keep-alive"
  },
  "body": {},
  "query": {},
  "params": {},
  "level": "info",
  "timestamp": "2024-12-24 17:51:08"
}
2024-12-24 17:51:08 [info] : Unauthorized {
  "url": "/posts/findAll",
  "method": "GET",
  "statusCode": 401,
  "data": {},
  "code": -1,
  "level": "info",
  "timestamp": "2024-12-24 17:51:08"
}
2024-12-24 17:51:09 [info] : 请求信息: {
  "url": "/posts/findAll",
  "method": "GET",
  "headers": {
    "authorization": "Bearer eyJhbGciOiJIUzI1NiIsInR5cCI6IkpXVCJ9.eyJ1c2VybmFtZSI6ImFkbWluIiwiaWF0IjoxNzM1MDMzNzc0LCJleHAiOjE3MzUwMzM4MzR9.26CuFozp5piBwIjR3p2pxxpCHjEXdHep1mcjQODDBoA",
    "user-agent": "PostmanRuntime/7.28.4",
    "accept": "*/*",
    "postman-token": "3140aef0-4e0d-44cc-b1f1-8838bd0375b2",
    "host": "localhost:3000",
    "accept-encoding": "gzip, deflate, br",
    "connection": "keep-alive"
  },
  "body": {},
  "query": {},
  "params": {},
  "level": "info",
  "timestamp": "2024-12-24 17:51:09"
}
2024-12-24 17:51:09 [info] : Unauthorized {
  "url": "/posts/findAll",
  "method": "GET",
  "statusCode": 401,
  "data": {},
  "code": -1,
  "level": "info",
  "timestamp": "2024-12-24 17:51:09"
}
2024-12-24 17:51:09 [info] : 请求信息: {
  "url": "/posts/findAll",
  "method": "GET",
  "headers": {
    "authorization": "Bearer eyJhbGciOiJIUzI1NiIsInR5cCI6IkpXVCJ9.eyJ1c2VybmFtZSI6ImFkbWluIiwiaWF0IjoxNzM1MDMzNzc0LCJleHAiOjE3MzUwMzM4MzR9.26CuFozp5piBwIjR3p2pxxpCHjEXdHep1mcjQODDBoA",
    "user-agent": "PostmanRuntime/7.28.4",
    "accept": "*/*",
    "postman-token": "8f5bcf49-21f1-47f0-9b15-4a2ccbd058ef",
    "host": "localhost:3000",
    "accept-encoding": "gzip, deflate, br",
    "connection": "keep-alive"
  },
  "body": {},
  "query": {},
  "params": {},
  "level": "info",
  "timestamp": "2024-12-24 17:51:09"
}
2024-12-24 17:51:09 [info] : Unauthorized {
  "url": "/posts/findAll",
  "method": "GET",
  "statusCode": 401,
  "data": {},
  "code": -1,
  "level": "info",
  "timestamp": "2024-12-24 17:51:09"
}
2024-12-24 17:53:14 [info] : 请求信息: {
  "url": "/posts/findAll",
  "method": "GET",
  "headers": {
    "host": "localhost:3000",
    "connection": "keep-alive",
    "sec-ch-ua-platform": "\"macOS\"",
    "user-agent": "Mozilla/5.0 (Macintosh; Intel Mac OS X 10_15_7) AppleWebKit/537.36 (KHTML, like Gecko) Chrome/131.0.0.0 Safari/537.36",
    "accept": "*/*",
    "sec-ch-ua": "\"Google Chrome\";v=\"131\", \"Chromium\";v=\"131\", \"Not_A Brand\";v=\"24\"",
    "sec-ch-ua-mobile": "?0",
    "sec-fetch-site": "same-origin",
    "sec-fetch-mode": "cors",
    "sec-fetch-dest": "empty",
    "referer": "http://localhost:3000/docs",
    "accept-encoding": "gzip, deflate, br, zstd",
    "accept-language": "zh-CN,zh;q=0.9",
    "cookie": "br-client=822ca673-42fc-4048-811c-0cb77ce3e479; _pk_id.3.1fff=f37f04bde638a24f.1705290911.; _pk_id.7.1fff=6ebd37f9ae968284.1705297957.; access_token_lf=eyJhbGciOiJIUzI1NiIsInR5cCI6IkpXVCJ9.eyJzdWIiOiIyOWNjMzNhMS1kMGU2LTQxNTctODE1Ny1hMDA3ODBiYzU3OTciLCJleHAiOjE3MzQ5Mzk3NDR9.aVBi8txCJQjAz9Xb2twa_d6DaJWiZjKB51BKumr8Bfo"
  },
  "body": {},
  "query": {},
  "params": {},
  "level": "info",
  "timestamp": "2024-12-24 17:53:14"
}
2024-12-24 17:53:14 [info] : Unauthorized {
  "url": "/posts/findAll",
  "method": "GET",
  "statusCode": 401,
  "data": {},
  "code": -1,
  "level": "info",
  "timestamp": "2024-12-24 17:53:14"
}
