2024-12-25 11:12:26 [info] : 请求信息 {
  "url": "/timer/start-timer?name=%E6%B5%8B%E8%AF%95",
  "method": "POST",
  "headers": {
    "user-agent": "PostmanRuntime/7.28.4",
    "accept": "*/*",
    "postman-token": "ac6859c5-59e9-4051-8732-5f66c73177e8",
    "host": "localhost:3000",
    "accept-encoding": "gzip, deflate, br",
    "connection": "keep-alive",
    "content-length": "0"
  },
  "body": {},
  "query": {
    "name": "测试"
  },
  "params": {},
  "level": "info",
  "timestamp": "2024-12-25 11:12:26"
}
2024-12-25 11:12:26 [info] : 请求信息: {
  "url": "/timer/start-timer?name=%E6%B5%8B%E8%AF%95",
  "method": "POST",
  "headers": {
    "user-agent": "PostmanRuntime/7.28.4",
    "accept": "*/*",
    "postman-token": "ac6859c5-59e9-4051-8732-5f66c73177e8",
    "host": "localhost:3000",
    "accept-encoding": "gzip, deflate, br",
    "connection": "keep-alive",
    "content-length": "0"
  },
  "body": {},
  "query": {
    "name": "测试"
  },
  "params": {},
  "level": "info",
  "timestamp": "2024-12-25 11:12:26"
}
2024-12-25 11:12:26 [info] : 定时器名称必填 {
  "url": "/timer/start-timer?name=%E6%B5%8B%E8%AF%95",
  "method": "POST",
  "statusCode": 400,
  "data": {},
  "code": -1,
  "level": "info",
  "timestamp": "2024-12-25 11:12:26"
}
2024-12-25 11:13:18 [info] : 请求信息 {
  "url": "/timer/start-timer",
  "method": "POST",
  "headers": {
    "user-agent": "PostmanRuntime/7.28.4",
    "accept": "*/*",
    "postman-token": "d6a69b15-812c-4897-91ec-1d9326daa899",
    "host": "localhost:3000",
    "accept-encoding": "gzip, deflate, br",
    "connection": "keep-alive",
    "content-type": "application/x-www-form-urlencoded",
    "content-length": "23"
  },
  "body": {
    "name": "测试"
  },
  "query": {},
  "params": {},
  "level": "info",
  "timestamp": "2024-12-25 11:13:18"
}
2024-12-25 11:13:18 [info] : success {
  "url": "/timer/start-timer",
  "method": "POST",
  "responseTime": "13ms",
  "statusCode": 200,
  "code": 0,
  "level": "info",
  "timestamp": "2024-12-25 11:13:18"
}
2024-12-25 11:15:41 [info] : 请求信息 {
  "url": "/timer/stop-timer/%E6%B5%8B%E8%AF%95",
  "method": "GET",
  "headers": {
    "user-agent": "PostmanRuntime/7.28.4",
    "accept": "*/*",
    "postman-token": "1678f5a3-ba6c-48cf-a1e5-8a3e0a258f53",
    "host": "localhost:3000",
    "accept-encoding": "gzip, deflate, br",
    "connection": "keep-alive"
  },
  "body": {},
  "query": {},
  "params": {
    "name": "测试"
  },
  "level": "info",
  "timestamp": "2024-12-25 11:15:41"
}
2024-12-25 11:15:41 [info] : success {
  "url": "/timer/stop-timer/%E6%B5%8B%E8%AF%95",
  "method": "GET",
  "responseTime": "1ms",
  "statusCode": 200,
  "code": 0,
  "level": "info",
  "timestamp": "2024-12-25 11:15:41"
}
2024-12-25 15:29:41 [info] : 请求信息: {
  "url": "/",
  "method": "GET",
  "headers": {
    "host": "localhost:3000",
    "connection": "keep-alive",
    "sec-ch-ua": "\"Google Chrome\";v=\"131\", \"Chromium\";v=\"131\", \"Not_A Brand\";v=\"24\"",
    "sec-ch-ua-mobile": "?0",
    "sec-ch-ua-platform": "\"macOS\"",
    "upgrade-insecure-requests": "1",
    "user-agent": "Mozilla/5.0 (Macintosh; Intel Mac OS X 10_15_7) AppleWebKit/537.36 (KHTML, like Gecko) Chrome/131.0.0.0 Safari/537.36",
    "accept": "text/html,application/xhtml+xml,application/xml;q=0.9,image/avif,image/webp,image/apng,*/*;q=0.8,application/signed-exchange;v=b3;q=0.7",
    "sec-fetch-site": "same-site",
    "sec-fetch-mode": "navigate",
    "sec-fetch-user": "?1",
    "sec-fetch-dest": "iframe",
    "referer": "http://localhost:3001/",
    "accept-encoding": "gzip, deflate, br, zstd",
    "accept-language": "zh-CN,zh;q=0.9",
    "cookie": "br-client=822ca673-42fc-4048-811c-0cb77ce3e479; _pk_id.3.1fff=f37f04bde638a24f.1705290911.; _pk_id.7.1fff=6ebd37f9ae968284.1705297957.; access_token_lf=eyJhbGciOiJIUzI1NiIsInR5cCI6IkpXVCJ9.eyJzdWIiOiIyOWNjMzNhMS1kMGU2LTQxNTctODE1Ny1hMDA3ODBiYzU3OTciLCJleHAiOjE3MzQ5Mzk3NDR9.aVBi8txCJQjAz9Xb2twa_d6DaJWiZjKB51BKumr8Bfo"
  },
  "body": {},
  "query": {},
  "params": {},
  "level": "info",
  "timestamp": "2024-12-25 15:29:41"
}
2024-12-25 15:29:41 [info] : Unauthorized {
  "url": "/",
  "method": "GET",
  "statusCode": 401,
  "data": {},
  "code": -1,
  "level": "info",
  "timestamp": "2024-12-25 15:29:41"
}
2024-12-25 15:29:48 [info] : 请求信息: {
  "url": "/",
  "method": "GET",
  "headers": {
    "host": "localhost:3000",
    "connection": "keep-alive",
    "sec-ch-ua": "\"Google Chrome\";v=\"131\", \"Chromium\";v=\"131\", \"Not_A Brand\";v=\"24\"",
    "sec-ch-ua-mobile": "?0",
    "sec-ch-ua-platform": "\"macOS\"",
    "upgrade-insecure-requests": "1",
    "user-agent": "Mozilla/5.0 (Macintosh; Intel Mac OS X 10_15_7) AppleWebKit/537.36 (KHTML, like Gecko) Chrome/131.0.0.0 Safari/537.36",
    "accept": "text/html,application/xhtml+xml,application/xml;q=0.9,image/avif,image/webp,image/apng,*/*;q=0.8,application/signed-exchange;v=b3;q=0.7",
    "sec-fetch-site": "same-site",
    "sec-fetch-mode": "navigate",
    "sec-fetch-dest": "iframe",
    "referer": "http://localhost:3001/",
    "accept-encoding": "gzip, deflate, br, zstd",
    "accept-language": "zh-CN,zh;q=0.9",
    "cookie": "br-client=822ca673-42fc-4048-811c-0cb77ce3e479; _pk_id.3.1fff=f37f04bde638a24f.1705290911.; _pk_id.7.1fff=6ebd37f9ae968284.1705297957.; access_token_lf=eyJhbGciOiJIUzI1NiIsInR5cCI6IkpXVCJ9.eyJzdWIiOiIyOWNjMzNhMS1kMGU2LTQxNTctODE1Ny1hMDA3ODBiYzU3OTciLCJleHAiOjE3MzQ5Mzk3NDR9.aVBi8txCJQjAz9Xb2twa_d6DaJWiZjKB51BKumr8Bfo"
  },
  "body": {},
  "query": {},
  "params": {},
  "level": "info",
  "timestamp": "2024-12-25 15:29:48"
}
2024-12-25 15:29:48 [info] : Unauthorized {
  "url": "/",
  "method": "GET",
  "statusCode": 401,
  "data": {},
  "code": -1,
  "level": "info",
  "timestamp": "2024-12-25 15:29:48"
}
2024-12-25 15:35:27 [info] : 请求信息: {
  "url": "/",
  "method": "GET",
  "headers": {
    "host": "localhost:3000",
    "connection": "keep-alive",
    "sec-ch-ua": "\"Google Chrome\";v=\"131\", \"Chromium\";v=\"131\", \"Not_A Brand\";v=\"24\"",
    "sec-ch-ua-mobile": "?0",
    "sec-ch-ua-platform": "\"macOS\"",
    "upgrade-insecure-requests": "1",
    "user-agent": "Mozilla/5.0 (Macintosh; Intel Mac OS X 10_15_7) AppleWebKit/537.36 (KHTML, like Gecko) Chrome/131.0.0.0 Safari/537.36",
    "accept": "text/html,application/xhtml+xml,application/xml;q=0.9,image/avif,image/webp,image/apng,*/*;q=0.8,application/signed-exchange;v=b3;q=0.7",
    "sec-fetch-site": "same-site",
    "sec-fetch-mode": "navigate",
    "sec-fetch-dest": "iframe",
    "referer": "http://localhost:3001/",
    "accept-encoding": "gzip, deflate, br, zstd",
    "accept-language": "zh-CN,zh;q=0.9",
    "cookie": "br-client=822ca673-42fc-4048-811c-0cb77ce3e479; _pk_id.3.1fff=f37f04bde638a24f.1705290911.; _pk_id.7.1fff=6ebd37f9ae968284.1705297957.; access_token_lf=eyJhbGciOiJIUzI1NiIsInR5cCI6IkpXVCJ9.eyJzdWIiOiIyOWNjMzNhMS1kMGU2LTQxNTctODE1Ny1hMDA3ODBiYzU3OTciLCJleHAiOjE3MzQ5Mzk3NDR9.aVBi8txCJQjAz9Xb2twa_d6DaJWiZjKB51BKumr8Bfo"
  },
  "body": {},
  "query": {},
  "params": {},
  "level": "info",
  "timestamp": "2024-12-25 15:35:27"
}
2024-12-25 15:35:27 [info] : Unauthorized {
  "url": "/",
  "method": "GET",
  "statusCode": 401,
  "data": {},
  "code": -1,
  "level": "info",
  "timestamp": "2024-12-25 15:35:27"
}
2024-12-25 16:01:00 [info] : 请求信息: {
  "url": "/",
  "method": "GET",
  "headers": {
    "host": "localhost:3000",
    "connection": "keep-alive",
    "sec-ch-ua": "\"Google Chrome\";v=\"131\", \"Chromium\";v=\"131\", \"Not_A Brand\";v=\"24\"",
    "sec-ch-ua-mobile": "?0",
    "sec-ch-ua-platform": "\"macOS\"",
    "upgrade-insecure-requests": "1",
    "user-agent": "Mozilla/5.0 (Macintosh; Intel Mac OS X 10_15_7) AppleWebKit/537.36 (KHTML, like Gecko) Chrome/131.0.0.0 Safari/537.36",
    "accept": "text/html,application/xhtml+xml,application/xml;q=0.9,image/avif,image/webp,image/apng,*/*;q=0.8,application/signed-exchange;v=b3;q=0.7",
    "sec-fetch-site": "same-site",
    "sec-fetch-mode": "navigate",
    "sec-fetch-dest": "iframe",
    "referer": "http://localhost:3001/",
    "accept-encoding": "gzip, deflate, br, zstd",
    "accept-language": "zh-CN,zh;q=0.9",
    "cookie": "br-client=822ca673-42fc-4048-811c-0cb77ce3e479; _pk_id.3.1fff=f37f04bde638a24f.1705290911.; _pk_id.7.1fff=6ebd37f9ae968284.1705297957.; access_token_lf=eyJhbGciOiJIUzI1NiIsInR5cCI6IkpXVCJ9.eyJzdWIiOiIyOWNjMzNhMS1kMGU2LTQxNTctODE1Ny1hMDA3ODBiYzU3OTciLCJleHAiOjE3MzQ5Mzk3NDR9.aVBi8txCJQjAz9Xb2twa_d6DaJWiZjKB51BKumr8Bfo"
  },
  "body": {},
  "query": {},
  "params": {},
  "level": "info",
  "timestamp": "2024-12-25 16:01:00"
}
2024-12-25 16:01:00 [info] : Unauthorized {
  "url": "/",
  "method": "GET",
  "statusCode": 401,
  "data": {},
  "code": -1,
  "level": "info",
  "timestamp": "2024-12-25 16:01:00"
}
2024-12-25 16:01:16 [info] : 请求信息: {
  "url": "/",
  "method": "GET",
  "headers": {
    "host": "localhost:3000",
    "connection": "keep-alive",
    "sec-ch-ua": "\"Google Chrome\";v=\"131\", \"Chromium\";v=\"131\", \"Not_A Brand\";v=\"24\"",
    "sec-ch-ua-mobile": "?0",
    "sec-ch-ua-platform": "\"macOS\"",
    "upgrade-insecure-requests": "1",
    "user-agent": "Mozilla/5.0 (Macintosh; Intel Mac OS X 10_15_7) AppleWebKit/537.36 (KHTML, like Gecko) Chrome/131.0.0.0 Safari/537.36",
    "accept": "text/html,application/xhtml+xml,application/xml;q=0.9,image/avif,image/webp,image/apng,*/*;q=0.8,application/signed-exchange;v=b3;q=0.7",
    "sec-fetch-site": "same-site",
    "sec-fetch-mode": "navigate",
    "sec-fetch-dest": "iframe",
    "referer": "http://localhost:3001/",
    "accept-encoding": "gzip, deflate, br, zstd",
    "accept-language": "zh-CN,zh;q=0.9",
    "cookie": "br-client=822ca673-42fc-4048-811c-0cb77ce3e479; _pk_id.3.1fff=f37f04bde638a24f.1705290911.; _pk_id.7.1fff=6ebd37f9ae968284.1705297957.; access_token_lf=eyJhbGciOiJIUzI1NiIsInR5cCI6IkpXVCJ9.eyJzdWIiOiIyOWNjMzNhMS1kMGU2LTQxNTctODE1Ny1hMDA3ODBiYzU3OTciLCJleHAiOjE3MzQ5Mzk3NDR9.aVBi8txCJQjAz9Xb2twa_d6DaJWiZjKB51BKumr8Bfo"
  },
  "body": {},
  "query": {},
  "params": {},
  "level": "info",
  "timestamp": "2024-12-25 16:01:16"
}
2024-12-25 16:01:16 [info] : Unauthorized {
  "url": "/",
  "method": "GET",
  "statusCode": 401,
  "data": {},
  "code": -1,
  "level": "info",
  "timestamp": "2024-12-25 16:01:16"
}
2024-12-25 16:09:35 [info] : 请求信息: {
  "url": "/",
  "method": "GET",
  "headers": {
    "host": "localhost:3000",
    "connection": "keep-alive",
    "sec-ch-ua": "\"Google Chrome\";v=\"131\", \"Chromium\";v=\"131\", \"Not_A Brand\";v=\"24\"",
    "sec-ch-ua-mobile": "?0",
    "sec-ch-ua-platform": "\"macOS\"",
    "upgrade-insecure-requests": "1",
    "user-agent": "Mozilla/5.0 (Macintosh; Intel Mac OS X 10_15_7) AppleWebKit/537.36 (KHTML, like Gecko) Chrome/131.0.0.0 Safari/537.36",
    "accept": "text/html,application/xhtml+xml,application/xml;q=0.9,image/avif,image/webp,image/apng,*/*;q=0.8,application/signed-exchange;v=b3;q=0.7",
    "sec-fetch-site": "same-site",
    "sec-fetch-mode": "navigate",
    "sec-fetch-dest": "iframe",
    "referer": "http://localhost:3001/",
    "accept-encoding": "gzip, deflate, br, zstd",
    "accept-language": "zh-CN,zh;q=0.9",
    "cookie": "br-client=822ca673-42fc-4048-811c-0cb77ce3e479; _pk_id.3.1fff=f37f04bde638a24f.1705290911.; _pk_id.7.1fff=6ebd37f9ae968284.1705297957.; access_token_lf=eyJhbGciOiJIUzI1NiIsInR5cCI6IkpXVCJ9.eyJzdWIiOiIyOWNjMzNhMS1kMGU2LTQxNTctODE1Ny1hMDA3ODBiYzU3OTciLCJleHAiOjE3MzQ5Mzk3NDR9.aVBi8txCJQjAz9Xb2twa_d6DaJWiZjKB51BKumr8Bfo"
  },
  "body": {},
  "query": {},
  "params": {},
  "level": "info",
  "timestamp": "2024-12-25 16:09:35"
}
2024-12-25 16:09:35 [info] : Unauthorized {
  "url": "/",
  "method": "GET",
  "statusCode": 401,
  "data": {},
  "code": -1,
  "level": "info",
  "timestamp": "2024-12-25 16:09:35"
}
2024-12-25 16:10:23 [info] : 请求信息: {
  "url": "/",
  "method": "GET",
  "headers": {
    "host": "localhost:3000",
    "connection": "keep-alive",
    "sec-ch-ua": "\"Google Chrome\";v=\"131\", \"Chromium\";v=\"131\", \"Not_A Brand\";v=\"24\"",
    "sec-ch-ua-mobile": "?0",
    "sec-ch-ua-platform": "\"macOS\"",
    "upgrade-insecure-requests": "1",
    "user-agent": "Mozilla/5.0 (Macintosh; Intel Mac OS X 10_15_7) AppleWebKit/537.36 (KHTML, like Gecko) Chrome/131.0.0.0 Safari/537.36",
    "accept": "text/html,application/xhtml+xml,application/xml;q=0.9,image/avif,image/webp,image/apng,*/*;q=0.8,application/signed-exchange;v=b3;q=0.7",
    "sec-fetch-site": "same-site",
    "sec-fetch-mode": "navigate",
    "sec-fetch-dest": "iframe",
    "referer": "http://localhost:3001/",
    "accept-encoding": "gzip, deflate, br, zstd",
    "accept-language": "zh-CN,zh;q=0.9",
    "cookie": "br-client=822ca673-42fc-4048-811c-0cb77ce3e479; _pk_id.3.1fff=f37f04bde638a24f.1705290911.; _pk_id.7.1fff=6ebd37f9ae968284.1705297957.; access_token_lf=eyJhbGciOiJIUzI1NiIsInR5cCI6IkpXVCJ9.eyJzdWIiOiIyOWNjMzNhMS1kMGU2LTQxNTctODE1Ny1hMDA3ODBiYzU3OTciLCJleHAiOjE3MzQ5Mzk3NDR9.aVBi8txCJQjAz9Xb2twa_d6DaJWiZjKB51BKumr8Bfo"
  },
  "body": {},
  "query": {},
  "params": {},
  "level": "info",
  "timestamp": "2024-12-25 16:10:23"
}
2024-12-25 16:10:23 [info] : Unauthorized {
  "url": "/",
  "method": "GET",
  "statusCode": 401,
  "data": {},
  "code": -1,
  "level": "info",
  "timestamp": "2024-12-25 16:10:23"
}
2024-12-25 16:19:47 [info] : 请求信息: {
  "url": "/",
  "method": "GET",
  "headers": {
    "host": "localhost:3000",
    "connection": "keep-alive",
    "sec-ch-ua": "\"Google Chrome\";v=\"131\", \"Chromium\";v=\"131\", \"Not_A Brand\";v=\"24\"",
    "sec-ch-ua-mobile": "?0",
    "sec-ch-ua-platform": "\"macOS\"",
    "upgrade-insecure-requests": "1",
    "user-agent": "Mozilla/5.0 (Macintosh; Intel Mac OS X 10_15_7) AppleWebKit/537.36 (KHTML, like Gecko) Chrome/131.0.0.0 Safari/537.36",
    "accept": "text/html,application/xhtml+xml,application/xml;q=0.9,image/avif,image/webp,image/apng,*/*;q=0.8,application/signed-exchange;v=b3;q=0.7",
    "sec-fetch-site": "same-site",
    "sec-fetch-mode": "navigate",
    "sec-fetch-dest": "iframe",
    "referer": "http://localhost:3001/",
    "accept-encoding": "gzip, deflate, br, zstd",
    "accept-language": "zh-CN,zh;q=0.9",
    "cookie": "br-client=822ca673-42fc-4048-811c-0cb77ce3e479; _pk_id.3.1fff=f37f04bde638a24f.1705290911.; _pk_id.7.1fff=6ebd37f9ae968284.1705297957.; access_token_lf=eyJhbGciOiJIUzI1NiIsInR5cCI6IkpXVCJ9.eyJzdWIiOiIyOWNjMzNhMS1kMGU2LTQxNTctODE1Ny1hMDA3ODBiYzU3OTciLCJleHAiOjE3MzQ5Mzk3NDR9.aVBi8txCJQjAz9Xb2twa_d6DaJWiZjKB51BKumr8Bfo"
  },
  "body": {},
  "query": {},
  "params": {},
  "level": "info",
  "timestamp": "2024-12-25 16:19:47"
}
2024-12-25 16:19:47 [info] : Unauthorized {
  "url": "/",
  "method": "GET",
  "statusCode": 401,
  "data": {},
  "code": -1,
  "level": "info",
  "timestamp": "2024-12-25 16:19:47"
}
2024-12-25 16:22:15 [info] : 请求信息: {
  "url": "/",
  "method": "GET",
  "headers": {
    "host": "localhost:3000",
    "connection": "keep-alive",
    "sec-ch-ua": "\"Google Chrome\";v=\"131\", \"Chromium\";v=\"131\", \"Not_A Brand\";v=\"24\"",
    "sec-ch-ua-mobile": "?0",
    "sec-ch-ua-platform": "\"macOS\"",
    "upgrade-insecure-requests": "1",
    "user-agent": "Mozilla/5.0 (Macintosh; Intel Mac OS X 10_15_7) AppleWebKit/537.36 (KHTML, like Gecko) Chrome/131.0.0.0 Safari/537.36",
    "accept": "text/html,application/xhtml+xml,application/xml;q=0.9,image/avif,image/webp,image/apng,*/*;q=0.8,application/signed-exchange;v=b3;q=0.7",
    "sec-fetch-site": "same-site",
    "sec-fetch-mode": "navigate",
    "sec-fetch-user": "?1",
    "sec-fetch-dest": "iframe",
    "referer": "http://localhost:3001/",
    "accept-encoding": "gzip, deflate, br, zstd",
    "accept-language": "zh-CN,zh;q=0.9",
    "cookie": "br-client=822ca673-42fc-4048-811c-0cb77ce3e479; _pk_id.3.1fff=f37f04bde638a24f.1705290911.; _pk_id.7.1fff=6ebd37f9ae968284.1705297957.; access_token_lf=eyJhbGciOiJIUzI1NiIsInR5cCI6IkpXVCJ9.eyJzdWIiOiIyOWNjMzNhMS1kMGU2LTQxNTctODE1Ny1hMDA3ODBiYzU3OTciLCJleHAiOjE3MzQ5Mzk3NDR9.aVBi8txCJQjAz9Xb2twa_d6DaJWiZjKB51BKumr8Bfo"
  },
  "body": {},
  "query": {},
  "params": {},
  "level": "info",
  "timestamp": "2024-12-25 16:22:15"
}
2024-12-25 16:22:15 [info] : Unauthorized {
  "url": "/",
  "method": "GET",
  "statusCode": 401,
  "data": {},
  "code": -1,
  "level": "info",
  "timestamp": "2024-12-25 16:22:15"
}
2024-12-25 16:22:23 [info] : 请求信息: {
  "url": "/",
  "method": "GET",
  "headers": {
    "host": "localhost:3000",
    "connection": "keep-alive",
    "sec-ch-ua": "\"Google Chrome\";v=\"131\", \"Chromium\";v=\"131\", \"Not_A Brand\";v=\"24\"",
    "sec-ch-ua-mobile": "?0",
    "sec-ch-ua-platform": "\"macOS\"",
    "upgrade-insecure-requests": "1",
    "user-agent": "Mozilla/5.0 (Macintosh; Intel Mac OS X 10_15_7) AppleWebKit/537.36 (KHTML, like Gecko) Chrome/131.0.0.0 Safari/537.36",
    "accept": "text/html,application/xhtml+xml,application/xml;q=0.9,image/avif,image/webp,image/apng,*/*;q=0.8,application/signed-exchange;v=b3;q=0.7",
    "sec-fetch-site": "same-site",
    "sec-fetch-mode": "navigate",
    "sec-fetch-user": "?1",
    "sec-fetch-dest": "iframe",
    "referer": "http://localhost:3001/",
    "accept-encoding": "gzip, deflate, br, zstd",
    "accept-language": "zh-CN,zh;q=0.9",
    "cookie": "br-client=822ca673-42fc-4048-811c-0cb77ce3e479; _pk_id.3.1fff=f37f04bde638a24f.1705290911.; _pk_id.7.1fff=6ebd37f9ae968284.1705297957.; access_token_lf=eyJhbGciOiJIUzI1NiIsInR5cCI6IkpXVCJ9.eyJzdWIiOiIyOWNjMzNhMS1kMGU2LTQxNTctODE1Ny1hMDA3ODBiYzU3OTciLCJleHAiOjE3MzQ5Mzk3NDR9.aVBi8txCJQjAz9Xb2twa_d6DaJWiZjKB51BKumr8Bfo"
  },
  "body": {},
  "query": {},
  "params": {},
  "level": "info",
  "timestamp": "2024-12-25 16:22:23"
}
2024-12-25 16:22:23 [info] : Unauthorized {
  "url": "/",
  "method": "GET",
  "statusCode": 401,
  "data": {},
  "code": -1,
  "level": "info",
  "timestamp": "2024-12-25 16:22:23"
}
2024-12-25 16:30:26 [info] : 请求信息: {
  "url": "/",
  "method": "GET",
  "headers": {
    "host": "localhost:3000",
    "connection": "keep-alive",
    "sec-ch-ua": "\"Google Chrome\";v=\"131\", \"Chromium\";v=\"131\", \"Not_A Brand\";v=\"24\"",
    "sec-ch-ua-mobile": "?0",
    "sec-ch-ua-platform": "\"macOS\"",
    "upgrade-insecure-requests": "1",
    "user-agent": "Mozilla/5.0 (Macintosh; Intel Mac OS X 10_15_7) AppleWebKit/537.36 (KHTML, like Gecko) Chrome/131.0.0.0 Safari/537.36",
    "accept": "text/html,application/xhtml+xml,application/xml;q=0.9,image/avif,image/webp,image/apng,*/*;q=0.8,application/signed-exchange;v=b3;q=0.7",
    "sec-fetch-site": "same-site",
    "sec-fetch-mode": "navigate",
    "sec-fetch-user": "?1",
    "sec-fetch-dest": "iframe",
    "referer": "http://localhost:3001/",
    "accept-encoding": "gzip, deflate, br, zstd",
    "accept-language": "zh-CN,zh;q=0.9",
    "cookie": "br-client=822ca673-42fc-4048-811c-0cb77ce3e479; _pk_id.3.1fff=f37f04bde638a24f.1705290911.; _pk_id.7.1fff=6ebd37f9ae968284.1705297957.; access_token_lf=eyJhbGciOiJIUzI1NiIsInR5cCI6IkpXVCJ9.eyJzdWIiOiIyOWNjMzNhMS1kMGU2LTQxNTctODE1Ny1hMDA3ODBiYzU3OTciLCJleHAiOjE3MzQ5Mzk3NDR9.aVBi8txCJQjAz9Xb2twa_d6DaJWiZjKB51BKumr8Bfo"
  },
  "body": {},
  "query": {},
  "params": {},
  "level": "info",
  "timestamp": "2024-12-25 16:30:26"
}
2024-12-25 16:30:26 [info] : Unauthorized {
  "url": "/",
  "method": "GET",
  "statusCode": 401,
  "data": {},
  "code": -1,
  "level": "info",
  "timestamp": "2024-12-25 16:30:26"
}
2024-12-25 16:30:37 [info] : 请求信息: {
  "url": "/",
  "method": "GET",
  "headers": {
    "host": "localhost:3000",
    "connection": "keep-alive",
    "sec-ch-ua": "\"Google Chrome\";v=\"131\", \"Chromium\";v=\"131\", \"Not_A Brand\";v=\"24\"",
    "sec-ch-ua-mobile": "?0",
    "sec-ch-ua-platform": "\"macOS\"",
    "upgrade-insecure-requests": "1",
    "user-agent": "Mozilla/5.0 (Macintosh; Intel Mac OS X 10_15_7) AppleWebKit/537.36 (KHTML, like Gecko) Chrome/131.0.0.0 Safari/537.36",
    "accept": "text/html,application/xhtml+xml,application/xml;q=0.9,image/avif,image/webp,image/apng,*/*;q=0.8,application/signed-exchange;v=b3;q=0.7",
    "sec-fetch-site": "same-site",
    "sec-fetch-mode": "navigate",
    "sec-fetch-dest": "iframe",
    "referer": "http://localhost:3001/",
    "accept-encoding": "gzip, deflate, br, zstd",
    "accept-language": "zh-CN,zh;q=0.9",
    "cookie": "br-client=822ca673-42fc-4048-811c-0cb77ce3e479; _pk_id.3.1fff=f37f04bde638a24f.1705290911.; _pk_id.7.1fff=6ebd37f9ae968284.1705297957.; access_token_lf=eyJhbGciOiJIUzI1NiIsInR5cCI6IkpXVCJ9.eyJzdWIiOiIyOWNjMzNhMS1kMGU2LTQxNTctODE1Ny1hMDA3ODBiYzU3OTciLCJleHAiOjE3MzQ5Mzk3NDR9.aVBi8txCJQjAz9Xb2twa_d6DaJWiZjKB51BKumr8Bfo"
  },
  "body": {},
  "query": {},
  "params": {},
  "level": "info",
  "timestamp": "2024-12-25 16:30:37"
}
2024-12-25 16:30:37 [info] : Unauthorized {
  "url": "/",
  "method": "GET",
  "statusCode": 401,
  "data": {},
  "code": -1,
  "level": "info",
  "timestamp": "2024-12-25 16:30:37"
}
2024-12-25 16:40:41 [info] : 请求信息: {
  "url": "/",
  "method": "GET",
  "headers": {
    "host": "localhost:3000",
    "connection": "keep-alive",
    "sec-ch-ua": "\"Google Chrome\";v=\"131\", \"Chromium\";v=\"131\", \"Not_A Brand\";v=\"24\"",
    "sec-ch-ua-mobile": "?0",
    "sec-ch-ua-platform": "\"macOS\"",
    "upgrade-insecure-requests": "1",
    "user-agent": "Mozilla/5.0 (Macintosh; Intel Mac OS X 10_15_7) AppleWebKit/537.36 (KHTML, like Gecko) Chrome/131.0.0.0 Safari/537.36",
    "accept": "text/html,application/xhtml+xml,application/xml;q=0.9,image/avif,image/webp,image/apng,*/*;q=0.8,application/signed-exchange;v=b3;q=0.7",
    "sec-fetch-site": "same-site",
    "sec-fetch-mode": "navigate",
    "sec-fetch-user": "?1",
    "sec-fetch-dest": "iframe",
    "referer": "http://localhost:3001/",
    "accept-encoding": "gzip, deflate, br, zstd",
    "accept-language": "zh-CN,zh;q=0.9",
    "cookie": "br-client=822ca673-42fc-4048-811c-0cb77ce3e479; _pk_id.3.1fff=f37f04bde638a24f.1705290911.; _pk_id.7.1fff=6ebd37f9ae968284.1705297957.; access_token_lf=eyJhbGciOiJIUzI1NiIsInR5cCI6IkpXVCJ9.eyJzdWIiOiIyOWNjMzNhMS1kMGU2LTQxNTctODE1Ny1hMDA3ODBiYzU3OTciLCJleHAiOjE3MzQ5Mzk3NDR9.aVBi8txCJQjAz9Xb2twa_d6DaJWiZjKB51BKumr8Bfo"
  },
  "body": {},
  "query": {},
  "params": {},
  "level": "info",
  "timestamp": "2024-12-25 16:40:41"
}
2024-12-25 16:40:41 [info] : Unauthorized {
  "url": "/",
  "method": "GET",
  "statusCode": 401,
  "data": {},
  "code": -1,
  "level": "info",
  "timestamp": "2024-12-25 16:40:41"
}
2024-12-25 16:46:27 [info] : 请求信息: {
  "url": "/",
  "method": "GET",
  "headers": {
    "host": "localhost:3000",
    "connection": "keep-alive",
    "sec-ch-ua": "\"Google Chrome\";v=\"131\", \"Chromium\";v=\"131\", \"Not_A Brand\";v=\"24\"",
    "sec-ch-ua-mobile": "?0",
    "sec-ch-ua-platform": "\"macOS\"",
    "upgrade-insecure-requests": "1",
    "user-agent": "Mozilla/5.0 (Macintosh; Intel Mac OS X 10_15_7) AppleWebKit/537.36 (KHTML, like Gecko) Chrome/131.0.0.0 Safari/537.36",
    "accept": "text/html,application/xhtml+xml,application/xml;q=0.9,image/avif,image/webp,image/apng,*/*;q=0.8,application/signed-exchange;v=b3;q=0.7",
    "sec-fetch-site": "same-site",
    "sec-fetch-mode": "navigate",
    "sec-fetch-user": "?1",
    "sec-fetch-dest": "iframe",
    "referer": "http://localhost:3001/",
    "accept-encoding": "gzip, deflate, br, zstd",
    "accept-language": "zh-CN,zh;q=0.9",
    "cookie": "br-client=822ca673-42fc-4048-811c-0cb77ce3e479; _pk_id.3.1fff=f37f04bde638a24f.1705290911.; _pk_id.7.1fff=6ebd37f9ae968284.1705297957.; access_token_lf=eyJhbGciOiJIUzI1NiIsInR5cCI6IkpXVCJ9.eyJzdWIiOiIyOWNjMzNhMS1kMGU2LTQxNTctODE1Ny1hMDA3ODBiYzU3OTciLCJleHAiOjE3MzUxMjM1ODZ9.1LNatvn0SLERMSWJ81sY8TpDTjRvg7aqm0afFGDRrS4"
  },
  "body": {},
  "query": {},
  "params": {},
  "level": "info",
  "timestamp": "2024-12-25 16:46:27"
}
2024-12-25 16:46:27 [info] : Unauthorized {
  "url": "/",
  "method": "GET",
  "statusCode": 401,
  "data": {},
  "code": -1,
  "level": "info",
  "timestamp": "2024-12-25 16:46:27"
}
2024-12-25 16:50:01 [info] : 请求信息: {
  "url": "/",
  "method": "GET",
  "headers": {
    "host": "localhost:3000",
    "connection": "keep-alive",
    "sec-ch-ua": "\"Google Chrome\";v=\"131\", \"Chromium\";v=\"131\", \"Not_A Brand\";v=\"24\"",
    "sec-ch-ua-mobile": "?0",
    "sec-ch-ua-platform": "\"macOS\"",
    "upgrade-insecure-requests": "1",
    "user-agent": "Mozilla/5.0 (Macintosh; Intel Mac OS X 10_15_7) AppleWebKit/537.36 (KHTML, like Gecko) Chrome/131.0.0.0 Safari/537.36",
    "accept": "text/html,application/xhtml+xml,application/xml;q=0.9,image/avif,image/webp,image/apng,*/*;q=0.8,application/signed-exchange;v=b3;q=0.7",
    "sec-fetch-site": "same-site",
    "sec-fetch-mode": "navigate",
    "sec-fetch-dest": "iframe",
    "referer": "http://localhost:3001/",
    "accept-encoding": "gzip, deflate, br, zstd",
    "accept-language": "zh-CN,zh;q=0.9",
    "cookie": "br-client=822ca673-42fc-4048-811c-0cb77ce3e479; _pk_id.3.1fff=f37f04bde638a24f.1705290911.; _pk_id.7.1fff=6ebd37f9ae968284.1705297957.; access_token_lf=eyJhbGciOiJIUzI1NiIsInR5cCI6IkpXVCJ9.eyJzdWIiOiIyOWNjMzNhMS1kMGU2LTQxNTctODE1Ny1hMDA3ODBiYzU3OTciLCJleHAiOjE3MzUxMjM1OTF9.MNJrTX8cpL1CF05TsNUCekTz3N_f3AGAYxqTToevnM4"
  },
  "body": {},
  "query": {},
  "params": {},
  "level": "info",
  "timestamp": "2024-12-25 16:50:01"
}
2024-12-25 16:50:01 [info] : Unauthorized {
  "url": "/",
  "method": "GET",
  "statusCode": 401,
  "data": {},
  "code": -1,
  "level": "info",
  "timestamp": "2024-12-25 16:50:01"
}
2024-12-25 16:51:33 [info] : 请求信息: {
  "url": "/",
  "method": "GET",
  "headers": {
    "host": "localhost:3000",
    "connection": "keep-alive",
    "sec-ch-ua": "\"Google Chrome\";v=\"131\", \"Chromium\";v=\"131\", \"Not_A Brand\";v=\"24\"",
    "sec-ch-ua-mobile": "?0",
    "sec-ch-ua-platform": "\"macOS\"",
    "upgrade-insecure-requests": "1",
    "user-agent": "Mozilla/5.0 (Macintosh; Intel Mac OS X 10_15_7) AppleWebKit/537.36 (KHTML, like Gecko) Chrome/131.0.0.0 Safari/537.36",
    "accept": "text/html,application/xhtml+xml,application/xml;q=0.9,image/avif,image/webp,image/apng,*/*;q=0.8,application/signed-exchange;v=b3;q=0.7",
    "sec-fetch-site": "same-site",
    "sec-fetch-mode": "navigate",
    "sec-fetch-dest": "iframe",
    "referer": "http://localhost:3001/",
    "accept-encoding": "gzip, deflate, br, zstd",
    "accept-language": "zh-CN,zh;q=0.9",
    "cookie": "br-client=822ca673-42fc-4048-811c-0cb77ce3e479; _pk_id.3.1fff=f37f04bde638a24f.1705290911.; _pk_id.7.1fff=6ebd37f9ae968284.1705297957.; access_token_lf=eyJhbGciOiJIUzI1NiIsInR5cCI6IkpXVCJ9.eyJzdWIiOiIyOWNjMzNhMS1kMGU2LTQxNTctODE1Ny1hMDA3ODBiYzU3OTciLCJleHAiOjE3MzUxMjM1OTF9.MNJrTX8cpL1CF05TsNUCekTz3N_f3AGAYxqTToevnM4"
  },
  "body": {},
  "query": {},
  "params": {},
  "level": "info",
  "timestamp": "2024-12-25 16:51:33"
}
2024-12-25 16:51:33 [info] : Unauthorized {
  "url": "/",
  "method": "GET",
  "statusCode": 401,
  "data": {},
  "code": -1,
  "level": "info",
  "timestamp": "2024-12-25 16:51:33"
}
2024-12-25 16:54:09 [info] : 请求信息: {
  "url": "/",
  "method": "GET",
  "headers": {
    "host": "localhost:3000",
    "connection": "keep-alive",
    "sec-ch-ua": "\"Google Chrome\";v=\"131\", \"Chromium\";v=\"131\", \"Not_A Brand\";v=\"24\"",
    "sec-ch-ua-mobile": "?0",
    "sec-ch-ua-platform": "\"macOS\"",
    "upgrade-insecure-requests": "1",
    "user-agent": "Mozilla/5.0 (Macintosh; Intel Mac OS X 10_15_7) AppleWebKit/537.36 (KHTML, like Gecko) Chrome/131.0.0.0 Safari/537.36",
    "accept": "text/html,application/xhtml+xml,application/xml;q=0.9,image/avif,image/webp,image/apng,*/*;q=0.8,application/signed-exchange;v=b3;q=0.7",
    "sec-fetch-site": "same-site",
    "sec-fetch-mode": "navigate",
    "sec-fetch-dest": "iframe",
    "referer": "http://localhost:3001/",
    "accept-encoding": "gzip, deflate, br, zstd",
    "accept-language": "zh-CN,zh;q=0.9",
    "cookie": "br-client=822ca673-42fc-4048-811c-0cb77ce3e479; _pk_id.3.1fff=f37f04bde638a24f.1705290911.; _pk_id.7.1fff=6ebd37f9ae968284.1705297957.; access_token_lf=eyJhbGciOiJIUzI1NiIsInR5cCI6IkpXVCJ9.eyJzdWIiOiIyOWNjMzNhMS1kMGU2LTQxNTctODE1Ny1hMDA3ODBiYzU3OTciLCJleHAiOjE3MzUxMjM1OTF9.MNJrTX8cpL1CF05TsNUCekTz3N_f3AGAYxqTToevnM4"
  },
  "body": {},
  "query": {},
  "params": {},
  "level": "info",
  "timestamp": "2024-12-25 16:54:09"
}
2024-12-25 16:54:09 [info] : Unauthorized {
  "url": "/",
  "method": "GET",
  "statusCode": 401,
  "data": {},
  "code": -1,
  "level": "info",
  "timestamp": "2024-12-25 16:54:09"
}
2024-12-25 17:00:58 [info] : 请求信息: {
  "url": "/",
  "method": "GET",
  "headers": {
    "host": "localhost:3000",
    "connection": "keep-alive",
    "sec-ch-ua": "\"Google Chrome\";v=\"131\", \"Chromium\";v=\"131\", \"Not_A Brand\";v=\"24\"",
    "sec-ch-ua-mobile": "?0",
    "sec-ch-ua-platform": "\"macOS\"",
    "upgrade-insecure-requests": "1",
    "user-agent": "Mozilla/5.0 (Macintosh; Intel Mac OS X 10_15_7) AppleWebKit/537.36 (KHTML, like Gecko) Chrome/131.0.0.0 Safari/537.36",
    "accept": "text/html,application/xhtml+xml,application/xml;q=0.9,image/avif,image/webp,image/apng,*/*;q=0.8,application/signed-exchange;v=b3;q=0.7",
    "sec-fetch-site": "same-site",
    "sec-fetch-mode": "navigate",
    "sec-fetch-dest": "iframe",
    "referer": "http://localhost:3001/",
    "accept-encoding": "gzip, deflate, br, zstd",
    "accept-language": "zh-CN,zh;q=0.9",
    "cookie": "br-client=822ca673-42fc-4048-811c-0cb77ce3e479; _pk_id.3.1fff=f37f04bde638a24f.1705290911.; _pk_id.7.1fff=6ebd37f9ae968284.1705297957.; access_token_lf=eyJhbGciOiJIUzI1NiIsInR5cCI6IkpXVCJ9.eyJzdWIiOiIyOWNjMzNhMS1kMGU2LTQxNTctODE1Ny1hMDA3ODBiYzU3OTciLCJleHAiOjE3MzUxMjM1OTF9.MNJrTX8cpL1CF05TsNUCekTz3N_f3AGAYxqTToevnM4"
  },
  "body": {},
  "query": {},
  "params": {},
  "level": "info",
  "timestamp": "2024-12-25 17:00:58"
}
2024-12-25 17:00:58 [info] : Unauthorized {
  "url": "/",
  "method": "GET",
  "statusCode": 401,
  "data": {},
  "code": -1,
  "level": "info",
  "timestamp": "2024-12-25 17:00:58"
}
2024-12-25 17:26:04 [info] : 请求信息: {
  "url": "/",
  "method": "GET",
  "headers": {
    "host": "localhost:3000",
    "connection": "keep-alive",
    "sec-ch-ua": "\"Google Chrome\";v=\"131\", \"Chromium\";v=\"131\", \"Not_A Brand\";v=\"24\"",
    "sec-ch-ua-mobile": "?0",
    "sec-ch-ua-platform": "\"macOS\"",
    "upgrade-insecure-requests": "1",
    "user-agent": "Mozilla/5.0 (Macintosh; Intel Mac OS X 10_15_7) AppleWebKit/537.36 (KHTML, like Gecko) Chrome/131.0.0.0 Safari/537.36",
    "accept": "text/html,application/xhtml+xml,application/xml;q=0.9,image/avif,image/webp,image/apng,*/*;q=0.8,application/signed-exchange;v=b3;q=0.7",
    "sec-fetch-site": "same-site",
    "sec-fetch-mode": "navigate",
    "sec-fetch-dest": "iframe",
    "referer": "http://localhost:3001/",
    "accept-encoding": "gzip, deflate, br, zstd",
    "accept-language": "zh-CN,zh;q=0.9",
    "cookie": "br-client=822ca673-42fc-4048-811c-0cb77ce3e479; _pk_id.3.1fff=f37f04bde638a24f.1705290911.; _pk_id.7.1fff=6ebd37f9ae968284.1705297957.; access_token_lf=eyJhbGciOiJIUzI1NiIsInR5cCI6IkpXVCJ9.eyJzdWIiOiIyOWNjMzNhMS1kMGU2LTQxNTctODE1Ny1hMDA3ODBiYzU3OTciLCJleHAiOjE3MzUxMjM1OTF9.MNJrTX8cpL1CF05TsNUCekTz3N_f3AGAYxqTToevnM4"
  },
  "body": {},
  "query": {},
  "params": {},
  "level": "info",
  "timestamp": "2024-12-25 17:26:04"
}
2024-12-25 17:26:04 [info] : Unauthorized {
  "url": "/",
  "method": "GET",
  "statusCode": 401,
  "data": {},
  "code": -1,
  "level": "info",
  "timestamp": "2024-12-25 17:26:04"
}
